0 info it worked if it ends with ok
1 verbose cli [ '/Users/king/.nvm/versions/io.js/v2.1.0/bin/iojs',
1 verbose cli   '/Users/king/.nvm/versions/io.js/v2.1.0/bin/npm',
1 verbose cli   'publish' ]
2 info using npm@2.10.1
3 info using node@v2.1.0
4 verbose publish [ '.' ]
5 silly cache add args [ '.', null ]
6 verbose cache add spec .
7 silly cache add parsed spec { raw: '.',
7 silly cache add   scope: null,
7 silly cache add   name: null,
7 silly cache add   rawSpec: '.',
7 silly cache add   spec: '/Users/king/Desktop/koar',
7 silly cache add   type: 'directory' }
8 verbose addLocalDirectory /Users/king/.npm/koar/1.0.0/package.tgz not in flight; packing
9 verbose tar pack [ '/Users/king/.npm/koar/1.0.0/package.tgz',
9 verbose tar pack   '/Users/king/Desktop/koar' ]
10 verbose tarball /Users/king/.npm/koar/1.0.0/package.tgz
11 verbose folder /Users/king/Desktop/koar
12 info prepublish koar@1.0.0
13 verbose addLocalTarball adding from inside cache /Users/king/.npm/koar/1.0.0/package.tgz
14 silly cache afterAdd koar@1.0.0
15 verbose afterAdd /Users/king/.npm/koar/1.0.0/package/package.json not in flight; writing
16 verbose afterAdd /Users/king/.npm/koar/1.0.0/package/package.json written
17 silly publish { name: 'koar',
17 silly publish   description: 'Koa route middleware',
17 silly publish   repository:
17 silly publish    { type: 'git',
17 silly publish      url: 'git+https://github.com/zhangking/koar.git' },
17 silly publish   keywords: [ 'koa', 'middleware', 'routes', 'router', 'route' ],
17 silly publish   files: [ 'index.js' ],
17 silly publish   devDependencies:
17 silly publish    { 'istanbul-harmony': '0',
17 silly publish      mocha: '1',
17 silly publish      supertest: '0',
17 silly publish      should: '*',
17 silly publish      koa: '0' },
17 silly publish   license: 'MIT',
17 silly publish   dependencies: { debug: '*', co: '*', 'path-to-regexp': '~1.0.0' },
17 silly publish   version: '1.0.0',
17 silly publish   main: 'index.js',
17 silly publish   directories: { test: 'test' },
17 silly publish   scripts: { test: 'mocha' },
17 silly publish   author: { name: 'zhangking' },
17 silly publish   readme: '# koa-route\n\n a simple route middleware for koa.\n\n\n## Installation\n\n\n\n## Example\n\n  Contrived resource-oriented example:\n\n```js\nvar r = require(\'./\');\nvar koa = require(\'koa\');\nvar app = koa();\n\n\napp.use(r.create({\n  folder:\'./Controllers/\',\n  before:function*(){},\n  after:function*(){},\n  error:function*(){this.body = \'error\'},\n  map:{\n    \'/user/:name\':\'/user/show\'\n  }\n}));\n\napp.use(function*(){\n  console.log(1);\n});\n\n\napp.listen(3000);\nconsole.log(\'listening on port 3000\');\n```\n\n## License\n\n  MIT\n',
17 silly publish   readmeFilename: 'Readme.md',
17 silly publish   gitHead: '23d0602e6cc230eefe4a3664966341d70d941816',
17 silly publish   bugs: { url: 'https://github.com/zhangking/koar/issues' },
17 silly publish   homepage: 'https://github.com/zhangking/koar#readme',
17 silly publish   _id: 'koar@1.0.0',
17 silly publish   _shasum: '496e78a235a3145e0d0eefb0486d48045dce7eeb',
17 silly publish   _from: '.' }
18 verbose getPublishConfig undefined
19 silly mapToRegistry name koar
20 silly mapToRegistry using default registry
21 silly mapToRegistry registry https://registry.npmjs.org/
22 silly mapToRegistry uri https://registry.npmjs.org/koar
23 verbose publish registryBase https://registry.npmjs.org/
24 silly publish uploading /Users/king/.npm/koar/1.0.0/package.tgz
25 verbose request uri https://registry.npmjs.org/koar
26 verbose request sending authorization for write operation
27 info attempt registry request try #1 at 15:43:39
28 verbose request using bearer token for auth
29 verbose request id 7ce5d7810e0d428f
30 http request PUT https://registry.npmjs.org/koar
31 http 403 https://registry.npmjs.org/koar
32 verbose headers { 'content-type': 'application/json',
32 verbose headers   'cache-control': 'max-age=60',
32 verbose headers   'content-length': '96',
32 verbose headers   'accept-ranges': 'bytes',
32 verbose headers   date: 'Wed, 10 Jun 2015 07:43:39 GMT',
32 verbose headers   via: '1.1 varnish',
32 verbose headers   connection: 'keep-alive',
32 verbose headers   'x-served-by': 'cache-sjc3129-SJC',
32 verbose headers   'x-cache': 'MISS',
32 verbose headers   'x-cache-hits': '0',
32 verbose headers   'x-timer': 'S1433922219.580631,VS0,VE139' }
33 verbose request invalidating /Users/king/.npm/registry.npmjs.org/koar on PUT
34 error publish Failed PUT 403
35 verbose stack Error: You do not have permission to publish 'koar'. Are you logged in as the correct user? : koar
35 verbose stack     at CachingRegistryClient.<anonymous> (/Users/king/.nvm/versions/io.js/v2.1.0/lib/node_modules/npm/node_modules/npm-registry-client/lib/request.js:247:14)
35 verbose stack     at Request._callback (/Users/king/.nvm/versions/io.js/v2.1.0/lib/node_modules/npm/node_modules/npm-registry-client/lib/request.js:170:14)
35 verbose stack     at Request.self.callback (/Users/king/.nvm/versions/io.js/v2.1.0/lib/node_modules/npm/node_modules/request/request.js:368:22)
35 verbose stack     at emitTwo (events.js:87:13)
35 verbose stack     at Request.emit (events.js:172:7)
35 verbose stack     at Request.<anonymous> (/Users/king/.nvm/versions/io.js/v2.1.0/lib/node_modules/npm/node_modules/request/request.js:1219:14)
35 verbose stack     at emitOne (events.js:82:20)
35 verbose stack     at Request.emit (events.js:169:7)
35 verbose stack     at IncomingMessage.<anonymous> (/Users/king/.nvm/versions/io.js/v2.1.0/lib/node_modules/npm/node_modules/request/request.js:1167:12)
35 verbose stack     at emitNone (events.js:72:20)
36 verbose statusCode 403
37 verbose pkgid koar
38 verbose cwd /Users/king/Desktop/koar
39 error Darwin 14.3.0
40 error argv "/Users/king/.nvm/versions/io.js/v2.1.0/bin/iojs" "/Users/king/.nvm/versions/io.js/v2.1.0/bin/npm" "publish"
41 error node v2.1.0
42 error npm  v2.10.1
43 error code E403
44 error You do not have permission to publish 'koar'. Are you logged in as the correct user? : koar
45 error If you need help, you may report this error at:
45 error     <https://github.com/npm/npm/issues>
46 verbose exit [ 1, true ]
